<?xml version="1.0" encoding="UTF-8"?>
<testsuite name="ru.netology.tests.AppTest" tests="1" skipped="0" failures="1" errors="0" timestamp="2022-05-03T02:45:08" hostname="DESKTOP-K9Q1CCK" time="0.0">
  <properties/>
  <testcase name="initializationError" classname="ru.netology.tests.AppTest" time="0.0">
    <failure message="org.openqa.selenium.SessionNotCreatedException: Unable to create a new remote session. Please check the server log for more details. Original error: An unknown server-side error occurred while processing the command. Original error: Could not find a connected Android device in 20259ms.&#10;Build info: version: '3.141.59', revision: 'e82be7d358', time: '2018-11-14T08:17:03'&#10;System info: host: 'DESKTOP-K9Q1CCK', ip: '192.168.56.1', os.name: 'Windows 10', os.arch: 'amd64', os.version: '10.0', java.version: '11'&#10;Driver info: driver.version: AndroidDriver&#10;remote stacktrace: UnknownError: An unknown server-side error occurred while processing the command. Original error: Could not find a connected Android device in 20259ms.&#10;    at getResponseForW3CError (C:\Users\69301\AppData\Roaming\npm\node_modules\appium\node_modules\appium-base-driver\lib\protocol\errors.js:804:9)&#10;    at asyncHandler (C:\Users\69301\AppData\Roaming\npm\node_modules\appium\node_modules\appium-base-driver\lib\protocol\protocol.js:380:37)&#10;Build info: version: '3.141.59', revision: 'e82be7d358', time: '2018-11-14T08:17:03'&#10;System info: host: 'DESKTOP-K9Q1CCK', ip: '192.168.56.1', os.name: 'Windows 10', os.arch: 'amd64', os.version: '10.0', java.version: '11'&#10;Driver info: driver.version: AndroidDriver" type="org.openqa.selenium.SessionNotCreatedException">org.openqa.selenium.SessionNotCreatedException: Unable to create a new remote session. Please check the server log for more details. Original error: An unknown server-side error occurred while processing the command. Original error: Could not find a connected Android device in 20259ms.
Build info: version: '3.141.59', revision: 'e82be7d358', time: '2018-11-14T08:17:03'
System info: host: 'DESKTOP-K9Q1CCK', ip: '192.168.56.1', os.name: 'Windows 10', os.arch: 'amd64', os.version: '10.0', java.version: '11'
Driver info: driver.version: AndroidDriver
remote stacktrace: UnknownError: An unknown server-side error occurred while processing the command. Original error: Could not find a connected Android device in 20259ms.
    at getResponseForW3CError (C:\Users\69301\AppData\Roaming\npm\node_modules\appium\node_modules\appium-base-driver\lib\protocol\errors.js:804:9)
    at asyncHandler (C:\Users\69301\AppData\Roaming\npm\node_modules\appium\node_modules\appium-base-driver\lib\protocol\protocol.js:380:37)
Build info: version: '3.141.59', revision: 'e82be7d358', time: '2018-11-14T08:17:03'
System info: host: 'DESKTOP-K9Q1CCK', ip: '192.168.56.1', os.name: 'Windows 10', os.arch: 'amd64', os.version: '10.0', java.version: '11'
Driver info: driver.version: AndroidDriver
	at io.appium.java_client.remote.AppiumCommandExecutor$1.createSession(AppiumCommandExecutor.java:216)
	at io.appium.java_client.remote.AppiumCommandExecutor.createSession(AppiumCommandExecutor.java:225)
	at io.appium.java_client.remote.AppiumCommandExecutor.execute(AppiumCommandExecutor.java:250)
	at org.openqa.selenium.remote.RemoteWebDriver.execute(RemoteWebDriver.java:552)
	at io.appium.java_client.DefaultGenericMobileDriver.execute(DefaultGenericMobileDriver.java:41)
	at io.appium.java_client.AppiumDriver.execute(AppiumDriver.java:1)
	at io.appium.java_client.android.AndroidDriver.execute(AndroidDriver.java:1)
	at org.openqa.selenium.remote.RemoteWebDriver.startSession(RemoteWebDriver.java:213)
	at io.appium.java_client.AppiumDriver.startSession(AppiumDriver.java:363)
	at org.openqa.selenium.remote.RemoteWebDriver.&lt;init&gt;(RemoteWebDriver.java:131)
	at io.appium.java_client.DefaultGenericMobileDriver.&lt;init&gt;(DefaultGenericMobileDriver.java:37)
	at io.appium.java_client.AppiumDriver.&lt;init&gt;(AppiumDriver.java:89)
	at io.appium.java_client.AppiumDriver.&lt;init&gt;(AppiumDriver.java:110)
	at io.appium.java_client.android.AndroidDriver.&lt;init&gt;(AndroidDriver.java:120)
	at ru.netology.tests.AppTest.setUp(AppTest.java:36)
	at java.base/jdk.internal.reflect.NativeMethodAccessorImpl.invoke0(Native Method)
	at java.base/jdk.internal.reflect.NativeMethodAccessorImpl.invoke(NativeMethodAccessorImpl.java:62)
	at java.base/jdk.internal.reflect.DelegatingMethodAccessorImpl.invoke(DelegatingMethodAccessorImpl.java:43)
	at java.base/java.lang.reflect.Method.invoke(Method.java:566)
	at org.junit.platform.commons.util.ReflectionUtils.invokeMethod(ReflectionUtils.java:725)
	at org.junit.jupiter.engine.execution.MethodInvocation.proceed(MethodInvocation.java:60)
	at org.junit.jupiter.engine.execution.InvocationInterceptorChain$ValidatingInvocation.proceed(InvocationInterceptorChain.java:131)
	at org.junit.jupiter.engine.extension.TimeoutExtension.intercept(TimeoutExtension.java:149)
	at org.junit.jupiter.engine.extension.TimeoutExtension.interceptLifecycleMethod(TimeoutExtension.java:126)
	at org.junit.jupiter.engine.extension.TimeoutExtension.interceptBeforeAllMethod(TimeoutExtension.java:68)
	at org.junit.jupiter.engine.execution.ExecutableInvoker$ReflectiveInterceptorCall.lambda$ofVoidMethod$0(ExecutableInvoker.java:115)
	at org.junit.jupiter.engine.execution.ExecutableInvoker.lambda$invoke$0(ExecutableInvoker.java:105)
	at org.junit.jupiter.engine.execution.InvocationInterceptorChain$InterceptedInvocation.proceed(InvocationInterceptorChain.java:106)
	at org.junit.jupiter.engine.execution.InvocationInterceptorChain.proceed(InvocationInterceptorChain.java:64)
	at org.junit.jupiter.engine.execution.InvocationInterceptorChain.chainAndInvoke(InvocationInterceptorChain.java:45)
	at org.junit.jupiter.engine.execution.InvocationInterceptorChain.invoke(InvocationInterceptorChain.java:37)
	at org.junit.jupiter.engine.execution.ExecutableInvoker.invoke(ExecutableInvoker.java:104)
	at org.junit.jupiter.engine.execution.ExecutableInvoker.invoke(ExecutableInvoker.java:98)
	at org.junit.jupiter.engine.descriptor.ClassBasedTestDescriptor.lambda$invokeBeforeAllMethods$11(ClassBasedTestDescriptor.java:397)
	at org.junit.platform.engine.support.hierarchical.ThrowableCollector.execute(ThrowableCollector.java:73)
	at org.junit.jupiter.engine.descriptor.ClassBasedTestDescriptor.invokeBeforeAllMethods(ClassBasedTestDescriptor.java:395)
	at org.junit.jupiter.engine.descriptor.ClassBasedTestDescriptor.before(ClassBasedTestDescriptor.java:209)
	at org.junit.jupiter.engine.descriptor.ClassBasedTestDescriptor.before(ClassBasedTestDescriptor.java:80)
	at org.junit.platform.engine.support.hierarchical.NodeTestTask.lambda$executeRecursively$6(NodeTestTask.java:148)
	at org.junit.platform.engine.support.hierarchical.ThrowableCollector.execute(ThrowableCollector.java:73)
	at org.junit.platform.engine.support.hierarchical.NodeTestTask.lambda$executeRecursively$8(NodeTestTask.java:141)
	at org.junit.platform.engine.support.hierarchical.Node.around(Node.java:137)
	at org.junit.platform.engine.support.hierarchical.NodeTestTask.lambda$executeRecursively$9(NodeTestTask.java:139)
	at org.junit.platform.engine.support.hierarchical.ThrowableCollector.execute(ThrowableCollector.java:73)
	at org.junit.platform.engine.support.hierarchical.NodeTestTask.executeRecursively(NodeTestTask.java:138)
	at org.junit.platform.engine.support.hierarchical.NodeTestTask.execute(NodeTestTask.java:95)
	at java.base/java.util.ArrayList.forEach(ArrayList.java:1540)
	at org.junit.platform.engine.support.hierarchical.SameThreadHierarchicalTestExecutorService.invokeAll(SameThreadHierarchicalTestExecutorService.java:41)
	at org.junit.platform.engine.support.hierarchical.NodeTestTask.lambda$executeRecursively$6(NodeTestTask.java:155)
	at org.junit.platform.engine.support.hierarchical.ThrowableCollector.execute(ThrowableCollector.java:73)
	at org.junit.platform.engine.support.hierarchical.NodeTestTask.lambda$executeRecursively$8(NodeTestTask.java:141)
	at org.junit.platform.engine.support.hierarchical.Node.around(Node.java:137)
	at org.junit.platform.engine.support.hierarchical.NodeTestTask.lambda$executeRecursively$9(NodeTestTask.java:139)
	at org.junit.platform.engine.support.hierarchical.ThrowableCollector.execute(ThrowableCollector.java:73)
	at org.junit.platform.engine.support.hierarchical.NodeTestTask.executeRecursively(NodeTestTask.java:138)
	at org.junit.platform.engine.support.hierarchical.NodeTestTask.execute(NodeTestTask.java:95)
	at org.junit.platform.engine.support.hierarchical.SameThreadHierarchicalTestExecutorService.submit(SameThreadHierarchicalTestExecutorService.java:35)
	at org.junit.platform.engine.support.hierarchical.HierarchicalTestExecutor.execute(HierarchicalTestExecutor.java:57)
	at org.junit.platform.engine.support.hierarchical.HierarchicalTestEngine.execute(HierarchicalTestEngine.java:54)
	at org.junit.platform.launcher.core.EngineExecutionOrchestrator.execute(EngineExecutionOrchestrator.java:108)
	at org.junit.platform.launcher.core.EngineExecutionOrchestrator.execute(EngineExecutionOrchestrator.java:88)
	at org.junit.platform.launcher.core.EngineExecutionOrchestrator.lambda$execute$0(EngineExecutionOrchestrator.java:54)
	at org.junit.platform.launcher.core.EngineExecutionOrchestrator.withInterceptedStreams(EngineExecutionOrchestrator.java:67)
	at org.junit.platform.launcher.core.EngineExecutionOrchestrator.execute(EngineExecutionOrchestrator.java:52)
	at org.junit.platform.launcher.core.DefaultLauncher.execute(DefaultLauncher.java:96)
	at org.junit.platform.launcher.core.DefaultLauncher.execute(DefaultLauncher.java:75)
	at org.gradle.api.internal.tasks.testing.junitplatform.JUnitPlatformTestClassProcessor$CollectAllTestClassesExecutor.processAllTestClasses(JUnitPlatformTestClassProcessor.java:99)
	at org.gradle.api.internal.tasks.testing.junitplatform.JUnitPlatformTestClassProcessor$CollectAllTestClassesExecutor.access$000(JUnitPlatformTestClassProcessor.java:79)
	at org.gradle.api.internal.tasks.testing.junitplatform.JUnitPlatformTestClassProcessor.stop(JUnitPlatformTestClassProcessor.java:75)
	at org.gradle.api.internal.tasks.testing.SuiteTestClassProcessor.stop(SuiteTestClassProcessor.java:61)
	at java.base/jdk.internal.reflect.NativeMethodAccessorImpl.invoke0(Native Method)
	at java.base/jdk.internal.reflect.NativeMethodAccessorImpl.invoke(NativeMethodAccessorImpl.java:62)
	at java.base/jdk.internal.reflect.DelegatingMethodAccessorImpl.invoke(DelegatingMethodAccessorImpl.java:43)
	at java.base/java.lang.reflect.Method.invoke(Method.java:566)
	at org.gradle.internal.dispatch.ReflectionDispatch.dispatch(ReflectionDispatch.java:36)
	at org.gradle.internal.dispatch.ReflectionDispatch.dispatch(ReflectionDispatch.java:24)
	at org.gradle.internal.dispatch.ContextClassLoaderDispatch.dispatch(ContextClassLoaderDispatch.java:33)
	at org.gradle.internal.dispatch.ProxyDispatchAdapter$DispatchingInvocationHandler.invoke(ProxyDispatchAdapter.java:94)
	at com.sun.proxy.$Proxy2.stop(Unknown Source)
	at org.gradle.api.internal.tasks.testing.worker.TestWorker.stop(TestWorker.java:135)
	at java.base/jdk.internal.reflect.NativeMethodAccessorImpl.invoke0(Native Method)
	at java.base/jdk.internal.reflect.NativeMethodAccessorImpl.invoke(NativeMethodAccessorImpl.java:62)
	at java.base/jdk.internal.reflect.DelegatingMethodAccessorImpl.invoke(DelegatingMethodAccessorImpl.java:43)
	at java.base/java.lang.reflect.Method.invoke(Method.java:566)
	at org.gradle.internal.dispatch.ReflectionDispatch.dispatch(ReflectionDispatch.java:36)
	at org.gradle.internal.dispatch.ReflectionDispatch.dispatch(ReflectionDispatch.java:24)
	at org.gradle.internal.remote.internal.hub.MessageHubBackedObjectConnection$DispatchWrapper.dispatch(MessageHubBackedObjectConnection.java:182)
	at org.gradle.internal.remote.internal.hub.MessageHubBackedObjectConnection$DispatchWrapper.dispatch(MessageHubBackedObjectConnection.java:164)
	at org.gradle.internal.remote.internal.hub.MessageHub$Handler.run(MessageHub.java:414)
	at org.gradle.internal.concurrent.ExecutorPolicy$CatchAndRecordFailures.onExecute(ExecutorPolicy.java:64)
	at org.gradle.internal.concurrent.ManagedExecutorImpl$1.run(ManagedExecutorImpl.java:48)
	at java.base/java.util.concurrent.ThreadPoolExecutor.runWorker(ThreadPoolExecutor.java:1128)
	at java.base/java.util.concurrent.ThreadPoolExecutor$Worker.run(ThreadPoolExecutor.java:628)
	at org.gradle.internal.concurrent.ThreadFactoryImpl$ManagedThreadRunnable.run(ThreadFactoryImpl.java:56)
	at java.base/java.lang.Thread.run(Thread.java:834)
Caused by: java.lang.reflect.InvocationTargetException
	at java.base/jdk.internal.reflect.NativeMethodAccessorImpl.invoke0(Native Method)
	at java.base/jdk.internal.reflect.NativeMethodAccessorImpl.invoke(NativeMethodAccessorImpl.java:62)
	at java.base/jdk.internal.reflect.DelegatingMethodAccessorImpl.invoke(DelegatingMethodAccessorImpl.java:43)
	at java.base/java.lang.reflect.Method.invoke(Method.java:566)
	at io.appium.java_client.remote.AppiumCommandExecutor$1.createSession(AppiumCommandExecutor.java:193)
	... 94 more
Caused by: org.openqa.selenium.WebDriverException: An unknown server-side error occurred while processing the command. Original error: Could not find a connected Android device in 20259ms.
Build info: version: '3.141.59', revision: 'e82be7d358', time: '2018-11-14T08:17:03'
System info: host: 'DESKTOP-K9Q1CCK', ip: '192.168.56.1', os.name: 'Windows 10', os.arch: 'amd64', os.version: '10.0', java.version: '11'
Driver info: driver.version: AndroidDriver
remote stacktrace: UnknownError: An unknown server-side error occurred while processing the command. Original error: Could not find a connected Android device in 20259ms.
    at getResponseForW3CError (C:\Users\69301\AppData\Roaming\npm\node_modules\appium\node_modules\appium-base-driver\lib\protocol\errors.js:804:9)
    at asyncHandler (C:\Users\69301\AppData\Roaming\npm\node_modules\appium\node_modules\appium-base-driver\lib\protocol\protocol.js:380:37)
	at java.base/jdk.internal.reflect.NativeConstructorAccessorImpl.newInstance0(Native Method)
	at java.base/jdk.internal.reflect.NativeConstructorAccessorImpl.newInstance(NativeConstructorAccessorImpl.java:62)
	at java.base/jdk.internal.reflect.DelegatingConstructorAccessorImpl.newInstance(DelegatingConstructorAccessorImpl.java:45)
	at java.base/java.lang.reflect.Constructor.newInstance(Constructor.java:490)
	at org.openqa.selenium.remote.W3CHandshakeResponse.lambda$errorHandler$0(W3CHandshakeResponse.java:62)
	at org.openqa.selenium.remote.HandshakeResponse.lambda$getResponseFunction$0(HandshakeResponse.java:30)
	at org.openqa.selenium.remote.ProtocolHandshake.lambda$createSession$0(ProtocolHandshake.java:126)
	at java.base/java.util.stream.ReferencePipeline$3$1.accept(ReferencePipeline.java:195)
	at java.base/java.util.Spliterators$ArraySpliterator.tryAdvance(Spliterators.java:958)
	at java.base/java.util.stream.ReferencePipeline.forEachWithCancel(ReferencePipeline.java:127)
	at java.base/java.util.stream.AbstractPipeline.copyIntoWithCancel(AbstractPipeline.java:502)
	at java.base/java.util.stream.AbstractPipeline.copyInto(AbstractPipeline.java:488)
	at java.base/java.util.stream.AbstractPipeline.wrapAndCopyInto(AbstractPipeline.java:474)
	at java.base/java.util.stream.FindOps$FindOp.evaluateSequential(FindOps.java:150)
	at java.base/java.util.stream.AbstractPipeline.evaluate(AbstractPipeline.java:234)
	at java.base/java.util.stream.ReferencePipeline.findFirst(ReferencePipeline.java:543)
	at org.openqa.selenium.remote.ProtocolHandshake.createSession(ProtocolHandshake.java:128)
	... 99 more
</failure>
  </testcase>
  <system-out><![CDATA[?[35m[Appium]?[39m Welcome to Appium v1.22.3
?[35m[Appium]?[39m Non-default server args:
?[35m[Appium]?[39m   port: 37894
?[35m[Appium]?[39m Appium REST http interface listener started on 0.0.0.0:37894
?[35m[HTTP]?[39m ?[37m-->?[39m ?[37mGET?[39m ?[37m/wd/hub/status?[39m
?[35m[HTTP]?[39m ?[90m{}?[39m
[debug] ?[35m[GENERIC]?[39m Calling AppiumDriver.getStatus() with args: []
[debug] ?[35m[GENERIC]?[39m Responding to client with driver.getStatus() result: {"build":{"version":"1.22.3"}}
?[35m[HTTP]?[39m ?[37m<-- GET /wd/hub/status ?[39m?[32m200?[39m ?[90m16 ms - 68?[39m
?[35m[HTTP]?[39m ?[90m?[39m
?[35m[HTTP]?[39m ?[37m-->?[39m ?[37mGET?[39m ?[37m/wd/hub/status?[39m
?[35m[HTTP]?[39m ?[90m{}?[39m
[debug] ?[35m[GENERIC]?[39m Calling AppiumDriver.getStatus() with args: []
[debug] ?[35m[GENERIC]?[39m Responding to client with driver.getStatus() result: {"build":{"version":"1.22.3"}}
?[35m[HTTP]?[39m ?[37m<-- GET /wd/hub/status ?[39m?[32m200?[39m ?[90m7 ms - 68?[39m
?[35m[HTTP]?[39m ?[90m?[39m
[debug] ?[35m[HTTP]?[39m Request idempotency key: 9b9db933-2028-4953-a27b-cea100f042dd
?[35m[HTTP]?[39m ?[37m-->?[39m ?[37mPOST?[39m ?[37m/wd/hub/session?[39m
?[35m[HTTP]?[39m ?[90m{"desiredCapabilities":{"appium:deviceName":"Android Virtual Device","platformName":"Android","appium:app":"C:\\Users\\69301\\MyProjects\\Netology\\mobile\\2_4hw\\apk\\app-debug.apk"},"capabilities":{"firstMatch":[{"appium:app":"C:\\Users\\69301\\MyProjects\\Netology\\mobile\\2_4hw\\apk\\app-debug.apk","appium:deviceName":"Android Virtual Device","platformName":"android"}]}}?[39m
[debug] ?[35m[W3C]?[39m Calling AppiumDriver.createSession() with args: [{"appium:deviceName":"Android Virtual Device","platformName":"Android","appium:app":"C:\\Users\\69301\\MyProjects\\Netology\\mobile\\2_4hw\\apk\\app-debug.apk"},null,{"firstMatch":[{"appium:app":"C:\\Users\\69301\\MyProjects\\Netology\\mobile\\2_4hw\\apk\\app-debug.apk","appium:deviceName":"Android Virtual Device","platformName":"android"}]}]
[debug] ?[35m[BaseDriver]?[39m Event 'newSessionRequested' logged at 1651545886442 (13:44:46 GMT+1100 (РЎР°С…Р°Р»РёРЅ, СЃС‚Р°РЅРґР°СЂС‚РЅРѕРµ РІСЂРµРјСЏ))
?[35m[Appium]?[39m 
?[35m[Appium]?[39m ======================================================================
?[35m[Appium]?[39m   DEPRECATION WARNING:
?[35m[Appium]?[39m 
?[35m[Appium]?[39m   The 'automationName' capability was not provided in the desired 
?[35m[Appium]?[39m   capabilities for this Android session
?[35m[Appium]?[39m 
?[35m[Appium]?[39m   Setting 'automationName=UiAutomator2' by default and using the 
?[35m[Appium]?[39m   UiAutomator2 Driver
?[35m[Appium]?[39m 
?[35m[Appium]?[39m   The next major version of Appium (2.x) will **require** the 
?[35m[Appium]?[39m   'automationName' capability to be set for all sessions on all 
?[35m[Appium]?[39m   platforms
?[35m[Appium]?[39m 
?[35m[Appium]?[39m   In previous versions (Appium <= 1.13.x), the default was 
?[35m[Appium]?[39m   'automationName=UiAutomator1'
?[35m[Appium]?[39m 
?[35m[Appium]?[39m   If you wish to use that automation instead of UiAutomator2, please 
?[35m[Appium]?[39m   add 'automationName=UiAutomator1' to your desired capabilities
?[35m[Appium]?[39m 
?[35m[Appium]?[39m   For more information about drivers, please visit 
?[35m[Appium]?[39m   http://appium.io/docs/en/about-appium/intro/ and explore the 
?[35m[Appium]?[39m   'Drivers' menu
?[35m[Appium]?[39m 
?[35m[Appium]?[39m ======================================================================
?[35m[Appium]?[39m 
?[35m[Appium]?[39m Appium v1.22.3 creating new AndroidUiautomator2Driver (v1.70.1) session
[debug] ?[35m[BaseDriver]?[39m W3C capabilities and MJSONWP desired capabilities were provided
[debug] ?[35m[BaseDriver]?[39m Creating session with W3C capabilities: {
[debug] ?[35m[BaseDriver]?[39m   "alwaysMatch": {
[debug] ?[35m[BaseDriver]?[39m     "platformName": "android",
[debug] ?[35m[BaseDriver]?[39m     "appium:app": "C:\\Users\\69301\\MyProjects\\Netology\\mobile\\2_4hw\\apk\\app-debug.apk",
[debug] ?[35m[BaseDriver]?[39m     "appium:deviceName": "Android Virtual Device"
[debug] ?[35m[BaseDriver]?[39m   },
[debug] ?[35m[BaseDriver]?[39m   "firstMatch": [
[debug] ?[35m[BaseDriver]?[39m     {}
[debug] ?[35m[BaseDriver]?[39m   ]
[debug] ?[35m[BaseDriver]?[39m }
?[35m[BaseDriver]?[39m Session created with session id: 4c8a5dd6-d2ed-4f74-9b2a-734d1152d189
?[35m[BaseDriver]?[39m Using local app 'C:\Users\69301\MyProjects\Netology\mobile\2_4hw\apk\app-debug.apk'
[debug] ?[35m[UiAutomator2]?[39m Checking whether app is actually present
?[35m[ADB]?[39m Found 2 'build-tools' folders under 'C:\Users\69301\AppData\Local\Android\Sdk' (newest first):
?[35m[ADB]?[39m     C:/Users/69301/AppData/Local/Android/Sdk/build-tools/30.0.3
?[35m[ADB]?[39m     C:/Users/69301/AppData/Local/Android/Sdk/build-tools/30.0.2
?[35m[ADB]?[39m Using 'adb.exe' from 'C:\Users\69301\AppData\Local\Android\Sdk\platform-tools\adb.exe'
[debug] ?[35m[ADB]?[39m Running 'C:\Users\69301\AppData\Local\Android\Sdk\platform-tools\adb.exe -P 5037 start-server'
?[35m[AndroidDriver]?[39m Retrieving device list
[debug] ?[35m[ADB]?[39m Trying to find a connected android device
[debug] ?[35m[ADB]?[39m Getting connected devices
[debug] ?[35m[ADB]?[39m No connected devices have been detected
[debug] ?[35m[ADB]?[39m Could not find online devices
[debug] ?[35m[ADB]?[39m Reconnecting adb (target offline)
[debug] ?[35m[ADB]?[39m Running 'C:\Users\69301\AppData\Local\Android\Sdk\platform-tools\adb.exe -P 5037 reconnect offline'
[debug] ?[35m[ADB]?[39m Getting connected devices
[debug] ?[35m[ADB]?[39m No connected devices have been detected
[debug] ?[35m[ADB]?[39m Could not find online devices
[debug] ?[35m[ADB]?[39m Reconnecting adb (target offline)
[debug] ?[35m[ADB]?[39m Running 'C:\Users\69301\AppData\Local\Android\Sdk\platform-tools\adb.exe -P 5037 reconnect offline'
[debug] ?[35m[ADB]?[39m Getting connected devices
[debug] ?[35m[ADB]?[39m No connected devices have been detected
[debug] ?[35m[ADB]?[39m Could not find online devices
[debug] ?[35m[ADB]?[39m Reconnecting adb (target offline)
[debug] ?[35m[ADB]?[39m Running 'C:\Users\69301\AppData\Local\Android\Sdk\platform-tools\adb.exe -P 5037 reconnect offline'
[debug] ?[35m[ADB]?[39m Getting connected devices
[debug] ?[35m[ADB]?[39m No connected devices have been detected
[debug] ?[35m[ADB]?[39m Could not find online devices
[debug] ?[35m[ADB]?[39m Reconnecting adb (target offline)
[debug] ?[35m[ADB]?[39m Running 'C:\Users\69301\AppData\Local\Android\Sdk\platform-tools\adb.exe -P 5037 reconnect offline'
[debug] ?[35m[ADB]?[39m Getting connected devices
[debug] ?[35m[ADB]?[39m No connected devices have been detected
[debug] ?[35m[ADB]?[39m Could not find online devices
[debug] ?[35m[ADB]?[39m Reconnecting adb (target offline)
[debug] ?[35m[ADB]?[39m Running 'C:\Users\69301\AppData\Local\Android\Sdk\platform-tools\adb.exe -P 5037 reconnect offline'
[debug] ?[35m[ADB]?[39m Getting connected devices
[debug] ?[35m[ADB]?[39m No connected devices have been detected
[debug] ?[35m[ADB]?[39m Could not find online devices
[debug] ?[35m[ADB]?[39m Reconnecting adb (target offline)
[debug] ?[35m[ADB]?[39m Running 'C:\Users\69301\AppData\Local\Android\Sdk\platform-tools\adb.exe -P 5037 reconnect offline'
[debug] ?[35m[ADB]?[39m Getting connected devices
[debug] ?[35m[ADB]?[39m No connected devices have been detected
[debug] ?[35m[ADB]?[39m Could not find online devices
[debug] ?[35m[ADB]?[39m Reconnecting adb (target offline)
[debug] ?[35m[ADB]?[39m Running 'C:\Users\69301\AppData\Local\Android\Sdk\platform-tools\adb.exe -P 5037 reconnect offline'
[debug] ?[35m[ADB]?[39m Getting connected devices
[debug] ?[35m[ADB]?[39m No connected devices have been detected
[debug] ?[35m[ADB]?[39m Could not find online devices
[debug] ?[35m[ADB]?[39m Reconnecting adb (target offline)
[debug] ?[35m[ADB]?[39m Running 'C:\Users\69301\AppData\Local\Android\Sdk\platform-tools\adb.exe -P 5037 reconnect offline'
[debug] ?[35m[ADB]?[39m Getting connected devices
[debug] ?[35m[ADB]?[39m No connected devices have been detected
[debug] ?[35m[ADB]?[39m Could not find online devices
[debug] ?[35m[ADB]?[39m Reconnecting adb (target offline)
[debug] ?[35m[ADB]?[39m Running 'C:\Users\69301\AppData\Local\Android\Sdk\platform-tools\adb.exe -P 5037 reconnect offline'
[debug] ?[35m[ADB]?[39m Getting connected devices
[debug] ?[35m[ADB]?[39m No connected devices have been detected
[debug] ?[35m[ADB]?[39m Could not find online devices
[debug] ?[35m[ADB]?[39m Reconnecting adb (target offline)
[debug] ?[35m[ADB]?[39m Running 'C:\Users\69301\AppData\Local\Android\Sdk\platform-tools\adb.exe -P 5037 reconnect offline'
[debug] ?[35m[ADB]?[39m Getting connected devices
[debug] ?[35m[ADB]?[39m No connected devices have been detected
[debug] ?[35m[ADB]?[39m Could not find online devices
[debug] ?[35m[ADB]?[39m Reconnecting adb (target offline)
[debug] ?[35m[ADB]?[39m Running 'C:\Users\69301\AppData\Local\Android\Sdk\platform-tools\adb.exe -P 5037 reconnect offline'
[debug] ?[35m[ADB]?[39m Getting connected devices
[debug] ?[35m[ADB]?[39m No connected devices have been detected
[debug] ?[35m[ADB]?[39m Could not find online devices
[debug] ?[35m[ADB]?[39m Reconnecting adb (target offline)
[debug] ?[35m[ADB]?[39m Running 'C:\Users\69301\AppData\Local\Android\Sdk\platform-tools\adb.exe -P 5037 reconnect offline'
[debug] ?[35m[ADB]?[39m Getting connected devices
[debug] ?[35m[ADB]?[39m No connected devices have been detected
[debug] ?[35m[ADB]?[39m Could not find online devices
[debug] ?[35m[ADB]?[39m Reconnecting adb (target offline)
[debug] ?[35m[ADB]?[39m Running 'C:\Users\69301\AppData\Local\Android\Sdk\platform-tools\adb.exe -P 5037 reconnect offline'
[debug] ?[35m[ADB]?[39m Getting connected devices
[debug] ?[35m[ADB]?[39m No connected devices have been detected
[debug] ?[35m[ADB]?[39m Could not find online devices
[debug] ?[35m[ADB]?[39m Reconnecting adb (target offline)
[debug] ?[35m[ADB]?[39m Running 'C:\Users\69301\AppData\Local\Android\Sdk\platform-tools\adb.exe -P 5037 reconnect offline'
[debug] ?[35m[ADB]?[39m Getting connected devices
[debug] ?[35m[ADB]?[39m No connected devices have been detected
[debug] ?[35m[ADB]?[39m Could not find online devices
[debug] ?[35m[ADB]?[39m Reconnecting adb (target offline)
[debug] ?[35m[ADB]?[39m Running 'C:\Users\69301\AppData\Local\Android\Sdk\platform-tools\adb.exe -P 5037 reconnect offline'
[debug] ?[35m[ADB]?[39m Getting connected devices
[debug] ?[35m[ADB]?[39m No connected devices have been detected
[debug] ?[35m[ADB]?[39m Could not find online devices
[debug] ?[35m[ADB]?[39m Reconnecting adb (target offline)
[debug] ?[35m[ADB]?[39m Running 'C:\Users\69301\AppData\Local\Android\Sdk\platform-tools\adb.exe -P 5037 reconnect offline'
[debug] ?[35m[ADB]?[39m Getting connected devices
[debug] ?[35m[ADB]?[39m No connected devices have been detected
[debug] ?[35m[ADB]?[39m Could not find online devices
[debug] ?[35m[ADB]?[39m Reconnecting adb (target offline)
[debug] ?[35m[ADB]?[39m Running 'C:\Users\69301\AppData\Local\Android\Sdk\platform-tools\adb.exe -P 5037 reconnect offline'
[debug] ?[35m[ADB]?[39m Getting connected devices
[debug] ?[35m[ADB]?[39m No connected devices have been detected
[debug] ?[35m[ADB]?[39m Could not find online devices
[debug] ?[35m[ADB]?[39m Reconnecting adb (target offline)
[debug] ?[35m[ADB]?[39m Running 'C:\Users\69301\AppData\Local\Android\Sdk\platform-tools\adb.exe -P 5037 reconnect offline'
[debug] ?[35m[ADB]?[39m Getting connected devices
[debug] ?[35m[ADB]?[39m No connected devices have been detected
[debug] ?[35m[ADB]?[39m Could not find online devices
[debug] ?[35m[ADB]?[39m Reconnecting adb (target offline)
[debug] ?[35m[ADB]?[39m Running 'C:\Users\69301\AppData\Local\Android\Sdk\platform-tools\adb.exe -P 5037 reconnect offline'
[debug] ?[35m[ADB]?[39m Getting connected devices
[debug] ?[35m[ADB]?[39m No connected devices have been detected
[debug] ?[35m[ADB]?[39m Could not find online devices
[debug] ?[35m[ADB]?[39m Reconnecting adb (target offline)
[debug] ?[35m[ADB]?[39m Running 'C:\Users\69301\AppData\Local\Android\Sdk\platform-tools\adb.exe -P 5037 reconnect offline'
[debug] ?[35m[ADB]?[39m Getting connected devices
[debug] ?[35m[ADB]?[39m No connected devices have been detected
[debug] ?[35m[ADB]?[39m Could not find online devices
[debug] ?[35m[ADB]?[39m Reconnecting adb (target offline)
[debug] ?[35m[ADB]?[39m Running 'C:\Users\69301\AppData\Local\Android\Sdk\platform-tools\adb.exe -P 5037 reconnect offline'
[debug] ?[35m[ADB]?[39m Getting connected devices
[debug] ?[35m[ADB]?[39m No connected devices have been detected
[debug] ?[35m[ADB]?[39m Could not find online devices
[debug] ?[35m[ADB]?[39m Reconnecting adb (target offline)
[debug] ?[35m[ADB]?[39m Running 'C:\Users\69301\AppData\Local\Android\Sdk\platform-tools\adb.exe -P 5037 reconnect offline'
[debug] ?[35m[ADB]?[39m Getting connected devices
[debug] ?[35m[ADB]?[39m No connected devices have been detected
[debug] ?[35m[ADB]?[39m Could not find online devices
[debug] ?[35m[ADB]?[39m Reconnecting adb (target offline)
[debug] ?[35m[ADB]?[39m Running 'C:\Users\69301\AppData\Local\Android\Sdk\platform-tools\adb.exe -P 5037 reconnect offline'
[debug] ?[35m[ADB]?[39m Getting connected devices
[debug] ?[35m[ADB]?[39m No connected devices have been detected
[debug] ?[35m[ADB]?[39m Could not find online devices
[debug] ?[35m[ADB]?[39m Reconnecting adb (target offline)
[debug] ?[35m[ADB]?[39m Running 'C:\Users\69301\AppData\Local\Android\Sdk\platform-tools\adb.exe -P 5037 reconnect offline'
[debug] ?[35m[ADB]?[39m Getting connected devices
[debug] ?[35m[ADB]?[39m No connected devices have been detected
[debug] ?[35m[ADB]?[39m Could not find online devices
[debug] ?[35m[ADB]?[39m Reconnecting adb (target offline)
[debug] ?[35m[ADB]?[39m Running 'C:\Users\69301\AppData\Local\Android\Sdk\platform-tools\adb.exe -P 5037 reconnect offline'
[debug] ?[35m[ADB]?[39m Getting connected devices
[debug] ?[35m[ADB]?[39m No connected devices have been detected
[debug] ?[35m[ADB]?[39m Could not find online devices
[debug] ?[35m[ADB]?[39m Reconnecting adb (target offline)
[debug] ?[35m[ADB]?[39m Running 'C:\Users\69301\AppData\Local\Android\Sdk\platform-tools\adb.exe -P 5037 reconnect offline'
[debug] ?[35m[ADB]?[39m Getting connected devices
[debug] ?[35m[ADB]?[39m No connected devices have been detected
[debug] ?[35m[ADB]?[39m Could not find online devices
[debug] ?[35m[ADB]?[39m Reconnecting adb (target offline)
[debug] ?[35m[ADB]?[39m Running 'C:\Users\69301\AppData\Local\Android\Sdk\platform-tools\adb.exe -P 5037 reconnect offline'
[debug] ?[35m[ADB]?[39m Getting connected devices
[debug] ?[35m[ADB]?[39m No connected devices have been detected
[debug] ?[35m[ADB]?[39m Could not find online devices
[debug] ?[35m[ADB]?[39m Reconnecting adb (target offline)
[debug] ?[35m[ADB]?[39m Running 'C:\Users\69301\AppData\Local\Android\Sdk\platform-tools\adb.exe -P 5037 reconnect offline'
[debug] ?[35m[ADB]?[39m Getting connected devices
[debug] ?[35m[ADB]?[39m No connected devices have been detected
[debug] ?[35m[ADB]?[39m Could not find online devices
[debug] ?[35m[ADB]?[39m Reconnecting adb (target offline)
[debug] ?[35m[ADB]?[39m Running 'C:\Users\69301\AppData\Local\Android\Sdk\platform-tools\adb.exe -P 5037 reconnect offline'
[debug] ?[35m[ADB]?[39m Getting connected devices
[debug] ?[35m[ADB]?[39m No connected devices have been detected
[debug] ?[35m[ADB]?[39m Could not find online devices
[debug] ?[35m[ADB]?[39m Reconnecting adb (target offline)
[debug] ?[35m[ADB]?[39m Running 'C:\Users\69301\AppData\Local\Android\Sdk\platform-tools\adb.exe -P 5037 reconnect offline'
[debug] ?[35m[ADB]?[39m Getting connected devices
[debug] ?[35m[ADB]?[39m No connected devices have been detected
[debug] ?[35m[ADB]?[39m Could not find online devices
[debug] ?[35m[ADB]?[39m Reconnecting adb (target offline)
[debug] ?[35m[ADB]?[39m Running 'C:\Users\69301\AppData\Local\Android\Sdk\platform-tools\adb.exe -P 5037 reconnect offline'
[debug] ?[35m[ADB]?[39m Getting connected devices
[debug] ?[35m[ADB]?[39m No connected devices have been detected
[debug] ?[35m[ADB]?[39m Could not find online devices
[debug] ?[35m[ADB]?[39m Reconnecting adb (target offline)
[debug] ?[35m[ADB]?[39m Running 'C:\Users\69301\AppData\Local\Android\Sdk\platform-tools\adb.exe -P 5037 reconnect offline'
[debug] ?[35m[ADB]?[39m Getting connected devices
[debug] ?[35m[ADB]?[39m No connected devices have been detected
[debug] ?[35m[ADB]?[39m Could not find online devices
[debug] ?[35m[ADB]?[39m Reconnecting adb (target offline)
[debug] ?[35m[ADB]?[39m Running 'C:\Users\69301\AppData\Local\Android\Sdk\platform-tools\adb.exe -P 5037 reconnect offline'
[debug] ?[35m[ADB]?[39m Getting connected devices
[debug] ?[35m[ADB]?[39m No connected devices have been detected
[debug] ?[35m[ADB]?[39m Could not find online devices
[debug] ?[35m[ADB]?[39m Reconnecting adb (target offline)
[debug] ?[35m[ADB]?[39m Running 'C:\Users\69301\AppData\Local\Android\Sdk\platform-tools\adb.exe -P 5037 reconnect offline'
[debug] ?[35m[ADB]?[39m Getting connected devices
[debug] ?[35m[ADB]?[39m No connected devices have been detected
[debug] ?[35m[ADB]?[39m Could not find online devices
[debug] ?[35m[ADB]?[39m Reconnecting adb (target offline)
[debug] ?[35m[ADB]?[39m Running 'C:\Users\69301\AppData\Local\Android\Sdk\platform-tools\adb.exe -P 5037 reconnect offline'
[debug] ?[35m[ADB]?[39m Getting connected devices
[debug] ?[35m[ADB]?[39m No connected devices have been detected
[debug] ?[35m[ADB]?[39m Could not find online devices
[debug] ?[35m[ADB]?[39m Reconnecting adb (target offline)
[debug] ?[35m[ADB]?[39m Running 'C:\Users\69301\AppData\Local\Android\Sdk\platform-tools\adb.exe -P 5037 reconnect offline'
[debug] ?[35m[ADB]?[39m Getting connected devices
[debug] ?[35m[ADB]?[39m No connected devices have been detected
[debug] ?[35m[ADB]?[39m Could not find online devices
[debug] ?[35m[ADB]?[39m Reconnecting adb (target offline)
[debug] ?[35m[ADB]?[39m Running 'C:\Users\69301\AppData\Local\Android\Sdk\platform-tools\adb.exe -P 5037 reconnect offline'
[debug] ?[35m[ADB]?[39m Getting connected devices
[debug] ?[35m[ADB]?[39m No connected devices have been detected
[debug] ?[35m[ADB]?[39m Could not find online devices
[debug] ?[35m[ADB]?[39m Reconnecting adb (target offline)
[debug] ?[35m[ADB]?[39m Running 'C:\Users\69301\AppData\Local\Android\Sdk\platform-tools\adb.exe -P 5037 reconnect offline'
[debug] ?[35m[ADB]?[39m Getting connected devices
[debug] ?[35m[ADB]?[39m No connected devices have been detected
[debug] ?[35m[ADB]?[39m Could not find online devices
[debug] ?[35m[ADB]?[39m Reconnecting adb (target offline)
[debug] ?[35m[ADB]?[39m Running 'C:\Users\69301\AppData\Local\Android\Sdk\platform-tools\adb.exe -P 5037 reconnect offline'
[debug] ?[35m[ADB]?[39m Getting connected devices
[debug] ?[35m[ADB]?[39m No connected devices have been detected
[debug] ?[35m[ADB]?[39m Could not find online devices
[debug] ?[35m[ADB]?[39m Reconnecting adb (target offline)
[debug] ?[35m[ADB]?[39m Running 'C:\Users\69301\AppData\Local\Android\Sdk\platform-tools\adb.exe -P 5037 reconnect offline'
[debug] ?[35m[ADB]?[39m Getting connected devices
[debug] ?[35m[ADB]?[39m No connected devices have been detected
[debug] ?[35m[ADB]?[39m Could not find online devices
[debug] ?[35m[ADB]?[39m Reconnecting adb (target offline)
[debug] ?[35m[ADB]?[39m Running 'C:\Users\69301\AppData\Local\Android\Sdk\platform-tools\adb.exe -P 5037 reconnect offline'
[debug] ?[35m[ADB]?[39m Getting connected devices
[debug] ?[35m[ADB]?[39m No connected devices have been detected
[debug] ?[35m[ADB]?[39m Could not find online devices
[debug] ?[35m[ADB]?[39m Reconnecting adb (target offline)
[debug] ?[35m[ADB]?[39m Running 'C:\Users\69301\AppData\Local\Android\Sdk\platform-tools\adb.exe -P 5037 reconnect offline'
[debug] ?[35m[ADB]?[39m Getting connected devices
[debug] ?[35m[ADB]?[39m No connected devices have been detected
[debug] ?[35m[ADB]?[39m Could not find online devices
[debug] ?[35m[ADB]?[39m Reconnecting adb (target offline)
[debug] ?[35m[ADB]?[39m Running 'C:\Users\69301\AppData\Local\Android\Sdk\platform-tools\adb.exe -P 5037 reconnect offline'
[debug] ?[35m[ADB]?[39m Getting connected devices
[debug] ?[35m[ADB]?[39m No connected devices have been detected
[debug] ?[35m[ADB]?[39m Could not find online devices
[debug] ?[35m[ADB]?[39m Reconnecting adb (target offline)
[debug] ?[35m[ADB]?[39m Running 'C:\Users\69301\AppData\Local\Android\Sdk\platform-tools\adb.exe -P 5037 reconnect offline'
[debug] ?[35m[ADB]?[39m Getting connected devices
[debug] ?[35m[ADB]?[39m No connected devices have been detected
[debug] ?[35m[ADB]?[39m Could not find online devices
[debug] ?[35m[ADB]?[39m Reconnecting adb (target offline)
[debug] ?[35m[ADB]?[39m Running 'C:\Users\69301\AppData\Local\Android\Sdk\platform-tools\adb.exe -P 5037 reconnect offline'
[debug] ?[35m[ADB]?[39m Getting connected devices
[debug] ?[35m[ADB]?[39m No connected devices have been detected
[debug] ?[35m[ADB]?[39m Could not find online devices
[debug] ?[35m[ADB]?[39m Reconnecting adb (target offline)
[debug] ?[35m[ADB]?[39m Running 'C:\Users\69301\AppData\Local\Android\Sdk\platform-tools\adb.exe -P 5037 reconnect offline'
[debug] ?[35m[ADB]?[39m Getting connected devices
[debug] ?[35m[ADB]?[39m No connected devices have been detected
[debug] ?[35m[ADB]?[39m Could not find online devices
[debug] ?[35m[ADB]?[39m Reconnecting adb (target offline)
[debug] ?[35m[ADB]?[39m Running 'C:\Users\69301\AppData\Local\Android\Sdk\platform-tools\adb.exe -P 5037 reconnect offline'
[debug] ?[35m[ADB]?[39m Getting connected devices
[debug] ?[35m[ADB]?[39m No connected devices have been detected
[debug] ?[35m[ADB]?[39m Could not find online devices
[debug] ?[35m[ADB]?[39m Reconnecting adb (target offline)
[debug] ?[35m[ADB]?[39m Running 'C:\Users\69301\AppData\Local\Android\Sdk\platform-tools\adb.exe -P 5037 reconnect offline'
[debug] ?[35m[ADB]?[39m Getting connected devices
[debug] ?[35m[ADB]?[39m No connected devices have been detected
[debug] ?[35m[ADB]?[39m Could not find online devices
[debug] ?[35m[ADB]?[39m Reconnecting adb (target offline)
[debug] ?[35m[ADB]?[39m Running 'C:\Users\69301\AppData\Local\Android\Sdk\platform-tools\adb.exe -P 5037 reconnect offline'
[debug] ?[35m[ADB]?[39m Getting connected devices
[debug] ?[35m[ADB]?[39m No connected devices have been detected
[debug] ?[35m[ADB]?[39m Could not find online devices
[debug] ?[35m[ADB]?[39m Reconnecting adb (target offline)
[debug] ?[35m[ADB]?[39m Running 'C:\Users\69301\AppData\Local\Android\Sdk\platform-tools\adb.exe -P 5037 reconnect offline'
[debug] ?[35m[ADB]?[39m Getting connected devices
[debug] ?[35m[ADB]?[39m No connected devices have been detected
[debug] ?[35m[ADB]?[39m Could not find online devices
[debug] ?[35m[ADB]?[39m Reconnecting adb (target offline)
[debug] ?[35m[ADB]?[39m Running 'C:\Users\69301\AppData\Local\Android\Sdk\platform-tools\adb.exe -P 5037 reconnect offline'
[debug] ?[35m[ADB]?[39m Getting connected devices
[debug] ?[35m[ADB]?[39m No connected devices have been detected
[debug] ?[35m[ADB]?[39m Could not find online devices
[debug] ?[35m[ADB]?[39m Reconnecting adb (target offline)
[debug] ?[35m[ADB]?[39m Running 'C:\Users\69301\AppData\Local\Android\Sdk\platform-tools\adb.exe -P 5037 reconnect offline'
[debug] ?[35m[ADB]?[39m Getting connected devices
[debug] ?[35m[ADB]?[39m No connected devices have been detected
[debug] ?[35m[ADB]?[39m Could not find online devices
[debug] ?[35m[ADB]?[39m Reconnecting adb (target offline)
[debug] ?[35m[ADB]?[39m Running 'C:\Users\69301\AppData\Local\Android\Sdk\platform-tools\adb.exe -P 5037 reconnect offline'
[debug] ?[35m[ADB]?[39m Getting connected devices
[debug] ?[35m[ADB]?[39m No connected devices have been detected
[debug] ?[35m[ADB]?[39m Could not find online devices
[debug] ?[35m[ADB]?[39m Reconnecting adb (target offline)
[debug] ?[35m[ADB]?[39m Running 'C:\Users\69301\AppData\Local\Android\Sdk\platform-tools\adb.exe -P 5037 reconnect offline'
[debug] ?[35m[ADB]?[39m Getting connected devices
[debug] ?[35m[ADB]?[39m No connected devices have been detected
[debug] ?[35m[ADB]?[39m Could not find online devices
[debug] ?[35m[ADB]?[39m Reconnecting adb (target offline)
[debug] ?[35m[ADB]?[39m Running 'C:\Users\69301\AppData\Local\Android\Sdk\platform-tools\adb.exe -P 5037 reconnect offline'
[debug] ?[35m[ADB]?[39m Getting connected devices
[debug] ?[35m[ADB]?[39m No connected devices have been detected
[debug] ?[35m[ADB]?[39m Could not find online devices
[debug] ?[35m[ADB]?[39m Reconnecting adb (target offline)
[debug] ?[35m[ADB]?[39m Running 'C:\Users\69301\AppData\Local\Android\Sdk\platform-tools\adb.exe -P 5037 reconnect offline'
[debug] ?[35m[UiAutomator2]?[39m Deleting UiAutomator2 session
[debug] ?[35m[BaseDriver]?[39m Event 'newSessionStarted' logged at 1651545908118 (13:45:08 GMT+1100 (РЎР°С…Р°Р»РёРЅ, СЃС‚Р°РЅРґР°СЂС‚РЅРѕРµ РІСЂРµРјСЏ))
[debug] ?[35m[W3C]?[39m Encountered internal error running command: Error: Could not find a connected Android device in 20259ms.
[debug] ?[35m[W3C]?[39m     at getDevices (C:\Users\69301\AppData\Roaming\npm\node_modules\appium\node_modules\appium-adb\lib\tools\system-calls.js:266:13)
[debug] ?[35m[W3C]?[39m     at getDevices (C:\Users\69301\AppData\Roaming\npm\node_modules\appium\node_modules\appium-adb\lib\tools\system-calls.js:283:18)
[debug] ?[35m[W3C]?[39m     at getDevices (C:\Users\69301\AppData\Roaming\npm\node_modules\appium\node_modules\appium-adb\lib\tools\system-calls.js:283:12)
[debug] ?[35m[W3C]?[39m     at getDevices (C:\Users\69301\AppData\Roaming\npm\node_modules\appium\node_modules\appium-adb\lib\tools\system-calls.js:283:12)
[debug] ?[35m[W3C]?[39m     at getDevices (C:\Users\69301\AppData\Roaming\npm\node_modules\appium\node_modules\appium-adb\lib\tools\system-calls.js:283:12)
[debug] ?[35m[W3C]?[39m     at getDevices (C:\Users\69301\AppData\Roaming\npm\node_modules\appium\node_modules\appium-adb\lib\tools\system-calls.js:283:12)
[debug] ?[35m[W3C]?[39m     at getDevices (C:\Users\69301\AppData\Roaming\npm\node_modules\appium\node_modules\appium-adb\lib\tools\system-calls.js:283:12)
[debug] ?[35m[W3C]?[39m     at getDevices (C:\Users\69301\AppData\Roaming\npm\node_modules\appium\node_modules\appium-adb\lib\tools\system-calls.js:283:12)
[debug] ?[35m[W3C]?[39m     at getDevices (C:\Users\69301\AppData\Roaming\npm\node_modules\appium\node_modules\appium-adb\lib\tools\system-calls.js:283:12)
[debug] ?[35m[W3C]?[39m     at getDevices (C:\Users\69301\AppData\Roaming\npm\node_modules\appium\node_modules\appium-adb\lib\tools\system-calls.js:283:12)
[debug] ?[35m[W3C]?[39m     at getDevices (C:\Users\69301\AppData\Roaming\npm\node_modules\appium\node_modules\appium-adb\lib\tools\system-calls.js:283:12)
[debug] ?[35m[W3C]?[39m     at getDevices (C:\Users\69301\AppData\Roaming\npm\node_modules\appium\node_modules\appium-adb\lib\tools\system-calls.js:283:12)
[debug] ?[35m[W3C]?[39m     at getDevices (C:\Users\69301\AppData\Roaming\npm\node_modules\appium\node_modules\appium-adb\lib\tools\system-calls.js:283:12)
[debug] ?[35m[W3C]?[39m     at getDevices (C:\Users\69301\AppData\Roaming\npm\node_modules\appium\node_modules\appium-adb\lib\tools\system-calls.js:283:12)
[debug] ?[35m[W3C]?[39m     at getDevices (C:\Users\69301\AppData\Roaming\npm\node_modules\appium\node_modules\appium-adb\lib\tools\system-calls.js:283:12)
[debug] ?[35m[W3C]?[39m     at getDevices (C:\Users\69301\AppData\Roaming\npm\node_modules\appium\node_modules\appium-adb\lib\tools\system-calls.js:283:12)
?[35m[HTTP]?[39m ?[37m<-- POST /wd/hub/session ?[39m?[31m500?[39m ?[90m21884 ms - 667?[39m
?[35m[HTTP]?[39m ?[90m?[39m
]]></system-out>
  <system-err><![CDATA[SLF4J: Failed to load class "org.slf4j.impl.StaticLoggerBinder".
SLF4J: Defaulting to no-operation (NOP) logger implementation
SLF4J: See http://www.slf4j.org/codes.html#StaticLoggerBinder for further details.
]]></system-err>
</testsuite>
